<?xml version="1.0" encoding="utf-8" standalone="no"?>
<!--This file represents the results of running a test suite-->
<test-results name="C:\Users\rrusu\Documents\NanoCluster\tests\NanoCluster.Tests\bin\Debug\NanoCluster.Tests.dll" total="6" errors="0" failures="0" not-run="0" inconclusive="0" ignored="0" skipped="0" invalid="0" date="2015-03-31" time="14:15:14">
  <environment nunit-version="2.6.4.14350" clr-version="2.0.50727.8009" os-version="Microsoft Windows NT 6.2.9200.0" platform="Win32NT" cwd="C:\Users\rrusu\Documents\NanoCluster" machine-name="R9-00KY1H" user="rrusu" user-domain="NYCDEV" />
  <culture-info current-culture="en-US" current-uiculture="en-US" />
  <test-suite type="Assembly" name="C:\Users\rrusu\Documents\NanoCluster\tests\NanoCluster.Tests\bin\Debug\NanoCluster.Tests.dll" executed="True" result="Success" success="True" time="55.747" asserts="0">
    <results>
      <test-suite type="Namespace" name="NanoCluster" executed="True" result="Success" success="True" time="55.742" asserts="0">
        <results>
          <test-suite type="Namespace" name="Tests" executed="True" result="Success" success="True" time="55.742" asserts="0">
            <results>
              <test-suite type="TestFixture" name="ConfigurationDslTests" executed="True" result="Success" success="True" time="47.130" asserts="0">
                <results>
                  <test-case name="NanoCluster.Tests.ConfigurationDslTests.One_node_cluster_with_autodiscovery_configuraton" executed="True" result="Success" success="True" time="3.751" asserts="1" />
                  <test-case name="NanoCluster.Tests.ConfigurationDslTests.One_node_cluster_with_static_configuraton" executed="True" result="Success" success="True" time="3.114" asserts="1" />
                  <test-case name="NanoCluster.Tests.ConfigurationDslTests.Two_clusters_with_dynamic_configuraton_peers_join_by_key" executed="True" result="Success" success="True" time="19.056" asserts="3" />
                  <test-case name="NanoCluster.Tests.ConfigurationDslTests.Two_node_cluster_with_dynamic_configuraton_peers_join_by_key" executed="True" result="Success" success="True" time="6.969" asserts="2" />
                  <test-case name="NanoCluster.Tests.ConfigurationDslTests.Two_node_cluster_with_static_configuraton_leads_are_orderd_from_least_to_most_important" executed="True" result="Success" success="True" time="14.229" asserts="3" />
                </results>
              </test-suite>
              <test-suite type="TestFixture" name="LeaderCoordenationTests" executed="True" result="Success" success="True" time="8.609" asserts="0">
                <results>
                  <test-case name="NanoCluster.Tests.LeaderCoordenationTests.Sending_a_command_to_follower_will_result_in_a_forward_to_leader" executed="True" result="Success" success="True" time="8.609" asserts="3" />
                </results>
              </test-suite>
            </results>
          </test-suite>
        </results>
      </test-suite>
    </results>
  </test-suite>
</test-results>